Client connected and session saved.
Error: module 'telethon.errors' has no attribute 'UserStatusOnline'
Cannot find any entity corresponding to "+905074520000"
Session closed.
Client connected and session saved.
Error: module 'telethon.errors' has no attribute 'UserStatusOnline'
Error: module 'telethon.errors' has no attribute 'UserStatusOnline'
Session closed.
Client connected and session saved.
[31m+905432348436 is offline.[0m
[32m+905074510000 is online.[0m
Session closed.
Client connected and session saved.
Profile photo saved for +905074510000 at photos/+905074510000_profile.jpg
+905074510000 is online.
Profile photo saved for +905432348436 at photos/+905432348436_profile.jpg
+905432348436 is offline. Last seen at 2024-09-17 14:22:57+00:00 (Unix time: 1726572177)
Session closed.
Client connected and session saved.
Profile photo saved for +905074510000 at photos/+905074510000_1726619679.jpg
+905074510000 is online.
Error: 'UserStatusOnline' object has no attribute 'was_online'
Profile photo saved for +905432348436 at photos/+905432348436_1726619679.jpg
+905432348436 is offline. Last seen at 2024-09-17 14:22:57+00:00 (Unix time: 1726572177)
Profile data saved for +905432348436.
Session closed.
Client connected and session saved.
Profile photo saved for +905074510000 at photos/+905074510000_1726619813.jpg
+905074510000 is offline. Last seen at 2024-09-18 00:34:44+00:00 (Unix time: 1726608884)
Profile data saved for +905074510000.
Profile photo saved for +905432348436 at photos/+905432348436_1726619814.jpg
+905432348436 is offline. Last seen at 2024-09-17 14:22:57+00:00 (Unix time: 1726572177)
Profile data saved for +905432348436.
Profile photo saved for +905074510000 at photos/+905074510000_1726619824.jpg
+905074510000 is offline. Last seen at 2024-09-18 00:34:44+00:00 (Unix time: 1726608884)
Profile data saved for +905074510000.
Profile photo saved for +905432348436 at photos/+905432348436_1726619824.jpg
+905432348436 is offline. Last seen at 2024-09-17 14:22:57+00:00 (Unix time: 1726572177)
Profile data saved for +905432348436.
Profile photo saved for +905074510000 at photos/+905074510000_1726619844.jpg
+905074510000 is offline. Last seen at 2024-09-18 00:34:44+00:00 (Unix time: 1726608884)
Profile data saved for +905074510000.
Profile photo saved for +905432348436 at photos/+905432348436_1726619844.jpg
+905432348436 is offline. Last seen at 2024-09-17 14:22:57+00:00 (Unix time: 1726572177)
Profile data saved for +905432348436.
Profile photo saved for +905074510000 at photos/+905074510000_1726619855.jpg
+905074510000 is online.
Error: 'UserStatusOnline' object has no attribute 'was_online'
Profile photo saved for +905432348436 at photos/+905432348436_1726619855.jpg
+905432348436 is offline. Last seen at 2024-09-17 14:22:57+00:00 (Unix time: 1726572177)
Profile data saved for +905432348436.
Profile photo saved for +905074510000 at photos/+905074510000_1726619875.jpg
+905074510000 is online.
Error: 'UserStatusOnline' object has no attribute 'was_online'
Profile photo saved for +905432348436 at photos/+905432348436_1726619875.jpg
+905432348436 is offline. Last seen at 2024-09-17 14:22:57+00:00 (Unix time: 1726572177)
Profile data saved for +905432348436.
Profile photo saved for +905074510000 at photos/+905074510000_1726619886.jpg
+905074510000 is offline. Last seen at 2024-09-18 00:38:04+00:00 (Unix time: 1726609084)
Profile changes detected for +905074510000: {'last_seen': '2024-09-18 00:38:04+00:00'}
Profile data saved for +905074510000.
Profile photo saved for +905432348436 at photos/+905432348436_1726619886.jpg
+905432348436 is offline. Last seen at 2024-09-17 14:22:57+00:00 (Unix time: 1726572177)
Profile data saved for +905432348436.
Profile photo saved for +905074510000 at photos/+905074510000_1726619907.jpg
+905074510000 is offline. Last seen at 2024-09-18 00:38:04+00:00 (Unix time: 1726609084)
Profile data saved for +905074510000.
Profile photo saved for +905432348436 at photos/+905432348436_1726619907.jpg
+905432348436 is offline. Last seen at 2024-09-17 14:22:57+00:00 (Unix time: 1726572177)
Profile data saved for +905432348436.
Profile photo saved for +905074510000 at photos/+905074510000_1726619918.jpg
+905074510000 is offline. Last seen at 2024-09-18 00:38:04+00:00 (Unix time: 1726609084)
Profile data saved for +905074510000.
Profile photo saved for +905432348436 at photos/+905432348436_1726619918.jpg
+905432348436 is offline. Last seen at 2024-09-17 14:22:57+00:00 (Unix time: 1726572177)
Profile data saved for +905432348436.
Profile photo saved for +905074510000 at photos/+905074510000_1726619938.jpg
+905074510000 is offline. Last seen at 2024-09-18 00:38:04+00:00 (Unix time: 1726609084)
Profile data saved for +905074510000.
Profile photo saved for +905432348436 at photos/+905432348436_1726619938.jpg
+905432348436 is offline. Last seen at 2024-09-17 14:22:57+00:00 (Unix time: 1726572177)
Profile data saved for +905432348436.
Profile photo saved for +905074510000 at photos/+905074510000_1726619949.jpg
+905074510000 is offline. Last seen at 2024-09-18 00:38:04+00:00 (Unix time: 1726609084)
Profile data saved for +905074510000.
Profile photo saved for +905432348436 at photos/+905432348436_1726619949.jpg
+905432348436 is offline. Last seen at 2024-09-17 14:22:57+00:00 (Unix time: 1726572177)
Profile data saved for +905432348436.
Profile photo saved for +905074510000 at photos/+905074510000_1726619969.jpg
+905074510000 is offline. Last seen at 2024-09-18 00:38:04+00:00 (Unix time: 1726609084)
Profile data saved for +905074510000.
Profile photo saved for +905432348436 at photos/+905432348436_1726619969.jpg
+905432348436 is offline. Last seen at 2024-09-17 14:22:57+00:00 (Unix time: 1726572177)
Profile data saved for +905432348436.
Profile photo saved for +905074510000 at photos/+905074510000_1726619980.jpg
+905074510000 is offline. Last seen at 2024-09-18 00:38:04+00:00 (Unix time: 1726609084)
Profile data saved for +905074510000.
Profile photo saved for +905432348436 at photos/+905432348436_1726619980.jpg
+905432348436 is offline. Last seen at 2024-09-17 14:22:57+00:00 (Unix time: 1726572177)
Profile data saved for +905432348436.
Profile photo saved for +905074510000 at photos/+905074510000_1726620001.jpg
+905074510000 is offline. Last seen at 2024-09-18 00:38:04+00:00 (Unix time: 1726609084)
Profile data saved for +905074510000.
Profile photo saved for +905432348436 at photos/+905432348436_1726620001.jpg
+905432348436 is offline. Last seen at 2024-09-17 14:22:57+00:00 (Unix time: 1726572177)
Profile data saved for +905432348436.
Profile photo saved for +905074510000 at photos/+905074510000_1726620011.jpg
+905074510000 is offline. Last seen at 2024-09-18 00:38:04+00:00 (Unix time: 1726609084)
Profile data saved for +905074510000.
Profile photo saved for +905432348436 at photos/+905432348436_1726620011.jpg
+905432348436 is offline. Last seen at 2024-09-17 14:22:57+00:00 (Unix time: 1726572177)
Profile data saved for +905432348436.
Profile photo saved for +905074510000 at photos/+905074510000_1726620032.jpg
+905074510000 is offline. Last seen at 2024-09-18 00:38:04+00:00 (Unix time: 1726609084)
Profile data saved for +905074510000.
Profile photo saved for +905432348436 at photos/+905432348436_1726620032.jpg
+905432348436 is offline. Last seen at 2024-09-17 14:22:57+00:00 (Unix time: 1726572177)
Profile data saved for +905432348436.
Profile photo saved for +905074510000 at photos/+905074510000_1726620043.jpg
+905074510000 is offline. Last seen at 2024-09-18 00:38:04+00:00 (Unix time: 1726609084)
Profile data saved for +905074510000.
Profile photo saved for +905432348436 at photos/+905432348436_1726620043.jpg
+905432348436 is offline. Last seen at 2024-09-17 14:22:57+00:00 (Unix time: 1726572177)
Profile data saved for +905432348436.
Profile photo saved for +905074510000 at photos/+905074510000_1726620063.jpg
+905074510000 is offline. Last seen at 2024-09-18 00:38:04+00:00 (Unix time: 1726609084)
Profile data saved for +905074510000.
Profile photo saved for +905432348436 at photos/+905432348436_1726620063.jpg
+905432348436 is offline. Last seen at 2024-09-17 14:22:57+00:00 (Unix time: 1726572177)
Profile data saved for +905432348436.
Profile photo saved for +905074510000 at photos/+905074510000_1726620074.jpg
+905074510000 is offline. Last seen at 2024-09-18 00:38:04+00:00 (Unix time: 1726609084)
Profile data saved for +905074510000.
Profile photo saved for +905432348436 at photos/+905432348436_1726620074.jpg
+905432348436 is offline. Last seen at 2024-09-17 14:22:57+00:00 (Unix time: 1726572177)
Profile data saved for +905432348436.
Profile photo saved for +905074510000 at photos/+905074510000_1726620094.jpg
+905074510000 is offline. Last seen at 2024-09-18 00:38:04+00:00 (Unix time: 1726609084)
Profile data saved for +905074510000.
Profile photo saved for +905432348436 at photos/+905432348436_1726620094.jpg
+905432348436 is offline. Last seen at 2024-09-17 14:22:57+00:00 (Unix time: 1726572177)
Profile data saved for +905432348436.
Profile photo saved for +905074510000 at photos/+905074510000_1726620105.jpg
+905074510000 is offline. Last seen at 2024-09-18 00:38:04+00:00 (Unix time: 1726609084)
Profile data saved for +905074510000.
Profile photo saved for +905432348436 at photos/+905432348436_1726620105.jpg
+905432348436 is offline. Last seen at 2024-09-17 14:22:57+00:00 (Unix time: 1726572177)
Profile data saved for +905432348436.
Profile photo saved for +905074510000 at photos/+905074510000_1726620126.jpg
+905074510000 is offline. Last seen at 2024-09-18 00:38:04+00:00 (Unix time: 1726609084)
Profile data saved for +905074510000.
Profile photo saved for +905432348436 at photos/+905432348436_1726620126.jpg
+905432348436 is offline. Last seen at 2024-09-17 14:22:57+00:00 (Unix time: 1726572177)
Profile data saved for +905432348436.
Profile photo saved for +905074510000 at photos/+905074510000_1726620136.jpg
+905074510000 is offline. Last seen at 2024-09-18 00:42:09+00:00 (Unix time: 1726609329)
Profile changes detected for +905074510000: {'last_seen': '2024-09-18 00:42:09+00:00'}
Profile data saved for +905074510000.
Profile photo saved for +905432348436 at photos/+905432348436_1726620136.jpg
+905432348436 is offline. Last seen at 2024-09-17 14:22:57+00:00 (Unix time: 1726572177)
Profile data saved for +905432348436.
Profile photo saved for +905074510000 at photos/+905074510000_1726620157.jpg
+905074510000 is offline. Last seen at 2024-09-18 00:42:09+00:00 (Unix time: 1726609329)
Profile data saved for +905074510000.
Profile photo saved for +905432348436 at photos/+905432348436_1726620156.jpg
+905432348436 is offline. Last seen at 2024-09-17 14:22:57+00:00 (Unix time: 1726572177)
Profile data saved for +905432348436.
Profile photo saved for +905074510000 at photos/+905074510000_1726620167.jpg
+905074510000 is offline. Last seen at 2024-09-18 00:42:09+00:00 (Unix time: 1726609329)
Profile data saved for +905074510000.
Profile photo saved for +905432348436 at photos/+905432348436_1726620167.jpg
+905432348436 is offline. Last seen at 2024-09-17 14:22:57+00:00 (Unix time: 1726572177)
Profile data saved for +905432348436.
Profile photo saved for +905074510000 at photos/+905074510000_1726620187.jpg
+905074510000 is offline. Last seen at 2024-09-18 00:42:09+00:00 (Unix time: 1726609329)
Profile data saved for +905074510000.
Profile photo saved for +905432348436 at photos/+905432348436_1726620187.jpg
+905432348436 is offline. Last seen at 2024-09-17 14:22:57+00:00 (Unix time: 1726572177)
Profile data saved for +905432348436.
Profile photo saved for +905074510000 at photos/+905074510000_1726620198.jpg
+905074510000 is offline. Last seen at 2024-09-18 00:42:09+00:00 (Unix time: 1726609329)
Profile data saved for +905074510000.
Profile photo saved for +905432348436 at photos/+905432348436_1726620198.jpg
+905432348436 is offline. Last seen at 2024-09-17 14:22:57+00:00 (Unix time: 1726572177)
Profile data saved for +905432348436.
Profile photo saved for +905074510000 at photos/+905074510000_1726620218.jpg
+905074510000 is offline. Last seen at 2024-09-18 00:42:09+00:00 (Unix time: 1726609329)
Profile data saved for +905074510000.
Profile photo saved for +905432348436 at photos/+905432348436_1726620218.jpg
+905432348436 is offline. Last seen at 2024-09-17 14:22:57+00:00 (Unix time: 1726572177)
Profile data saved for +905432348436.
Profile photo saved for +905074510000 at photos/+905074510000_1726620229.jpg
+905074510000 is offline. Last seen at 2024-09-18 00:42:09+00:00 (Unix time: 1726609329)
Profile data saved for +905074510000.
Profile photo saved for +905432348436 at photos/+905432348436_1726620229.jpg
+905432348436 is offline. Last seen at 2024-09-17 14:22:57+00:00 (Unix time: 1726572177)
Profile data saved for +905432348436.
Profile photo saved for +905074510000 at photos/+905074510000_1726620249.jpg
+905074510000 is offline. Last seen at 2024-09-18 00:42:09+00:00 (Unix time: 1726609329)
Profile data saved for +905074510000.
Profile photo saved for +905432348436 at photos/+905432348436_1726620250.jpg
+905432348436 is offline. Last seen at 2024-09-17 14:22:57+00:00 (Unix time: 1726572177)
Profile data saved for +905432348436.
Client connected and session saved.
Client connected and session saved.
Client connected and session saved.
Client connected and session saved.
Client connected and session saved.
Client connected and session saved.
Client connected and session saved.
Client connected and session saved.
Client connected and session saved.
Client connected and session saved.
Client connected and session saved.
Client connected and session saved.
Client connected and session saved.
Client connected and session saved.
Client connected and session saved.
Client connected and session saved.
Client connected and session saved.
Client connected and session saved.
Client connected and session saved.
Client connected and session saved.
Client connected and session saved.
Client connected and session saved.
Client connected and session saved.
Client connected and session saved.
Client connected and session saved.
Client connected and session saved.
Client connected and session saved.
